<?xml version="1.0" encoding="UTF-8"?>
<!-- Generated by org.testng.reporters.JUnitXMLReporter -->
<testsuite ignored="0" hostname="ISW-221119-1086" failures="0" tests="31" name="UAT Test" time="568.079" errors="0" timestamp="2023-10-19T13:08:58 WAT">
  <testcase classname="testcases.Android.LoginTestCase" name="Testcase_One" time="22.222"/>
  <testcase classname="testcases.Android.LoginTestCase" name="Testcase_Two" time="0.826"/>
  <testcase classname="testcases.Android.LoginTestCase" name="Testcase_Three" time="1.945"/>
  <testcase classname="testcases.Android.LoginTestCase" name="Testcase_Four" time="44.75"/>
  <testcase classname="testcases.Android.LoginTestCase" name="Testcase_Five" time="43.536"/>
  <testcase classname="testcases.Android.LoginTestCase" name="Testcase_Six" time="42.683"/>
  <testcase classname="testcases.Android.LoginTestCase" name="Testcase_Seven" time="3.051"/>
  <testcase classname="testcases.Android.LoginTestCase" name="Testcase_Eight" time="24.752"/>
  <testcase classname="testcases.Android.DisposableDomain_QTM_2874" name="Testcase_One" time="8.31"/>
  <testcase classname="testcases.Android.DisposableDomain_QTM_2874" name="Testcase_One" time="8.233"/>
  <testcase classname="testcases.Android.DisposableDomain_QTM_2874" name="Testcase_One" time="8.68"/>
  <testcase classname="testcases.Android.DisposableDomain_QTM_2874" name="Testcase_One" time="8.254"/>
  <testcase classname="testcases.Android.DisposableDomain_QTM_2874" name="Testcase_One" time="8.185"/>
  <testcase classname="testcases.Android.DisposableDomain_QTM_2874" name="Testcase_One" time="8.258"/>
  <testcase classname="testcases.Android.DisposableDomain_QTM_2874" name="Testcase_One" time="8.177"/>
  <testcase classname="testcases.Android.DisposableDomain_QTM_2874" name="Testcase_One" time="8.077"/>
  <testcase classname="testcases.Android.DisposableDomain_QTM_2874" name="Testcase_One" time="8.181"/>
  <testcase classname="testcases.Android.DisposableDomain_QTM_2874" name="Testcase_One" time="8.241"/>
  <testcase classname="testcases.Android.DisposableDomain_QTM_2874" name="Testcase_One" time="8.137"/>
  <testcase classname="testcases.Android.DisposableDomain_QTM_2874" name="Testcase_One" time="8.955"/>
  <testcase classname="testcases.Android.DisposableDomain_QTM_2874" name="Testcase_One" time="8.564"/>
  <testcase classname="testcases.Android.DisposableDomain_QTM_2874" name="Testcase_One" time="8.175"/>
  <testcase classname="testcases.Android.DisposableDomain_QTM_2874" name="Testcase_One" time="8.527"/>
  <testcase classname="testcases.Android.DisposableDomain_QTM_2874" name="Testcase_One" time="9.418"/>
  <testcase classname="testcases.Android.DisposableDomain_QTM_2874" name="Testcase_One" time="9.258"/>
  <testcase classname="testcases.Android.DisposableDomain_QTM_2874" name="Testcase_One" time="8.186"/>
  <testcase classname="testcases.Android.DisposableDomain_QTM_2874" name="Testcase_One" time="8.49"/>
  <testcase classname="testcases.Android.DisposableDomain_QTM_2874" name="Testcase_One" time="8.142"/>
  <testcase classname="testcases.Android.DisposableDomain_QTM_2874" name="Testcase_One" time="8.212"/>
  <testcase classname="testcases.Android.DisposableDomain_QTM_2874" name="Testcase_One" time="8.35"/>
  <testcase classname="testcases.Android.DisposableDomain_QTM_2874" name="Testcase_Two" time="4.257"/>
</testsuite> <!-- UAT Test -->
