<?xml version="1.0" encoding="UTF-8"?>
<!-- Generated by org.testng.reporters.JUnitXMLReporter -->
<testsuite ignored="0" hostname="ISW-221119-1086" failures="0" tests="6" name="Default test" time="162.564" errors="0" timestamp="2024-01-10T08:11:54 WAT">
  <testcase classname="testcases.Android.Login" name="Testcase_One" time="13.613"/>
  <testcase classname="testcases.Android.Login" name="Testcase_Two" time="12.786"/>
  <testcase classname="testcases.Android.Login" name="Testcase_Three" time="43.257"/>
  <testcase classname="testcases.Android.Login" name="Testcase_Four" time="9.406"/>
  <testcase classname="testcases.Android.Login" name="Testcase_Five" time="11.494"/>
  <testcase classname="testcases.Android.Login" name="Testcase_Six" time="21.147"/>
</testsuite> <!-- Default test -->
